Arguments: 
  /usr/local/bin/node /usr/bin/yarn uninstall global babel-cli live-server

PATH: 
  /usr/local/sbin:/usr/local/bin:/usr/sbin:/usr/bin:/sbin:/bin:/snap/bin

Yarn version: 
  1.5.1

Node version: 
  8.10.0

Platform: 
  linux x64

npm manifest: 
  {
    "name": "indecision-app",
    "version": "1.0.0",
    "main": "index.js",
    "author": "Salles",
    "license": "MIT",
    "dependencies": {
      "babel-preset-env": "1.5.2",
      "babel-preset-react": "6.24.1"
    },
    "scripts": {
      "test": "echo \"Error: no test specified\" && exit 1"
    },
    "description": ""
  }

yarn manifest: 
  No manifest

Lockfile: 
  No lockfile

Trace: 
  Error: Command "uninstall" not found.
      at new MessageError (/usr/lib/node_modules/yarn/lib/cli.js:186:110)
      at /usr/lib/node_modules/yarn/lib/cli.js:87307:17
      at Generator.next (<anonymous>)
      at step (/usr/lib/node_modules/yarn/lib/cli.js:98:30)
      at /usr/lib/node_modules/yarn/lib/cli.js:116:14
      at new Promise (<anonymous>)
      at new F (/usr/lib/node_modules/yarn/lib/cli.js:23451:28)
      at /usr/lib/node_modules/yarn/lib/cli.js:95:12
      at runCommand (/usr/lib/node_modules/yarn/lib/cli.js:87312:22)
      at Object.<anonymous> (/usr/lib/node_modules/yarn/lib/cli.js:87412:14)
